<?xml version="1.0" encoding="UTF-8"?>
<testsuite name="org.brasil.prev.rest.application.test.CategoriaControllerTest" time="0.5" tests="9" errors="0" skipped="0" failures="0">
  <properties>
[...]
</properties>
  <testcase name="deveRetornarTodasCategorias" classname="org.brasil.prev.rest.application.test.CategoriaControllerTest" time="0.249"/>
  <testcase name="deveRetornarFalseAoDeletarCategoria" classname="org.brasil.prev.rest.application.test.CategoriaControllerTest" time="0.032"/>
  <testcase name="deveRetornar204AoDeletarCategoria" classname="org.brasil.prev.rest.application.test.CategoriaControllerTest" time="0.078"/>
  <testcase name="deveRetornarNuloAoBuscarUmaCategoriaPorID" classname="org.brasil.prev.rest.application.test.CategoriaControllerTest" time="0.015"/>
  <testcase name="deveRetornarTrueAoDeletarCategoria" classname="org.brasil.prev.rest.application.test.CategoriaControllerTest" time="0.016"/>
  <testcase name="deveRetornar200AoAtualizarCategoria" classname="org.brasil.prev.rest.application.test.CategoriaControllerTest" time="0.016"/>
  <testcase name="deveRetornar200AoCriarNovaCategoria" classname="org.brasil.prev.rest.application.test.CategoriaControllerTest" time="0.016"/>
  <testcase name="deveRetornarUmaCategoriaPorID" classname="org.brasil.prev.rest.application.test.CategoriaControllerTest" time="0.031"/>
  <testcase name="deveRetornar204AoAtualizarCategoria" classname="org.brasil.prev.rest.application.test.CategoriaControllerTest" time="0.047"/>
</testsuite>