# JRE version: Java(TM) SE Runtime Environment (8.0_191-b12) (build 1.8.0_191-b12)
# Java VM: Java HotSpot(TM) 64-Bit Server VM (25.191-b12 mixed mode windows-amd64 compressed oops)
Heap:
 PSYoungGen      total 38400K, used 7619K [0x00000000d5f00000, 0x00000000da200000, 0x0000000100000000)
  eden space 33280K, 11% used [0x00000000d5f00000,0x00000000d62b0390,0x00000000d7f80000)
  from space 5120K, 75% used [0x00000000d8480000,0x00000000d8840c28,0x00000000d8980000)
  to   space 5120K, 0% used [0x00000000d7f80000,0x00000000d7f80000,0x00000000d8480000)
 ParOldGen       total 50688K, used 6062K [0x0000000081c00000, 0x0000000084d80000, 0x00000000d5f00000)
  object space 50688K, 11% used [0x0000000081c00000,0x00000000821eb9c8,0x0000000084d80000)
 Metaspace       used 18906K, capacity 19224K, committed 19328K, reserved 1069056K
  class space    used 2318K, capacity 2413K, committed 2432K, reserved 1048576K
GC Heap History (10 events):
Event: 3.820 GC heap before
{Heap before GC invocations=1 (full 0):
 PSYoungGen      total 38400K, used 33280K [0x00000000d5f00000, 0x00000000d8980000, 0x0000000100000000)
  eden space 33280K, 100% used [0x00000000d5f00000,0x00000000d7f80000,0x00000000d7f80000)
  from space 5120K, 0% used [0x00000000d8480000,0x00000000d8480000,0x00000000d8980000)
  to   space 5120K, 0% used [0x00000000d7f80000,0x00000000d7f80000,0x00000000d8480000)
 ParOldGen       total 87552K, used 0K [0x0000000081c00000, 0x0000000087180000, 0x00000000d5f00000)
  object space 87552K, 0% used [0x0000000081c00000,0x0000000081c00000,0x0000000087180000)
 Metaspace       used 9031K, capacity 9250K, committed 9344K, reserved 1056768K
  class space    used 1031K, capacity 1079K, committed 1152K, reserved 1048576K
Event: 3.824 GC heap after
Heap after GC invocations=1 (full 0):
 PSYoungGen      total 38400K, used 5103K [0x00000000d5f00000, 0x00000000d8980000, 0x0000000100000000)
  eden space 33280K, 0% used [0x00000000d5f00000,0x00000000d5f00000,0x00000000d7f80000)
  from space 5120K, 99% used [0x00000000d7f80000,0x00000000d847bcd8,0x00000000d8480000)
  to   space 5120K, 0% used [0x00000000d8480000,0x00000000d8480000,0x00000000d8980000)
 ParOldGen       total 87552K, used 508K [0x0000000081c00000, 0x0000000087180000, 0x00000000d5f00000)
  object space 87552K, 0% used [0x0000000081c00000,0x0000000081c7f1e0,0x0000000087180000)
 Metaspace       used 9031K, capacity 9250K, committed 9344K, reserved 1056768K
  class space    used 1031K, capacity 1079K, committed 1152K, reserved 1048576K
}
Event: 5.178 GC heap before
{Heap before GC invocations=2 (full 0):
 PSYoungGen      total 38400K, used 38383K [0x00000000d5f00000, 0x00000000d8980000, 0x0000000100000000)
  eden space 33280K, 100% used [0x00000000d5f00000,0x00000000d7f80000,0x00000000d7f80000)
  from space 5120K, 99% used [0x00000000d7f80000,0x00000000d847bcd8,0x00000000d8480000)
  to   space 5120K, 0% used [0x00000000d8480000,0x00000000d8480000,0x00000000d8980000)
 ParOldGen       total 87552K, used 508K [0x0000000081c00000, 0x0000000087180000, 0x00000000d5f00000)
  object space 87552K, 0% used [0x0000000081c00000,0x0000000081c7f1e0,0x0000000087180000)
 Metaspace       used 14012K, capacity 14210K, committed 14336K, reserved 1062912K
  class space    used 1726K, capacity 1751K, committed 1792K, reserved 1048576K
Event: 5.187 GC heap after
Heap after GC invocations=2 (full 0):
 PSYoungGen      total 38400K, used 5112K [0x00000000d5f00000, 0x00000000d8980000, 0x0000000100000000)
  eden space 33280K, 0% used [0x00000000d5f00000,0x00000000d5f00000,0x00000000d7f80000)
  from space 5120K, 99% used [0x00000000d8480000,0x00000000d897e288,0x00000000d8980000)
  to   space 5120K, 0% used [0x00000000d7f80000,0x00000000d7f80000,0x00000000d8480000)
 ParOldGen       total 87552K, used 3994K [0x0000000081c00000, 0x0000000087180000, 0x00000000d5f00000)
  object space 87552K, 4% used [0x0000000081c00000,0x0000000081fe6aa8,0x0000000087180000)
 Metaspace       used 14012K, capacity 14210K, committed 14336K, reserved 1062912K
  class space    used 1726K, capacity 1751K, committed 1792K, reserved 1048576K
}
Event: 5.267 GC heap before
{Heap before GC invocations=3 (full 0):
 PSYoungGen      total 38400K, used 7020K [0x00000000d5f00000, 0x00000000d8980000, 0x0000000100000000)
  eden space 33280K, 5% used [0x00000000d5f00000,0x00000000d60dcf00,0x00000000d7f80000)
  from space 5120K, 99% used [0x00000000d8480000,0x00000000d897e288,0x00000000d8980000)
  to   space 5120K, 0% used [0x00000000d7f80000,0x00000000d7f80000,0x00000000d8480000)
 ParOldGen       total 87552K, used 3994K [0x0000000081c00000, 0x0000000087180000, 0x00000000d5f00000)
  object space 87552K, 4% used [0x0000000081c00000,0x0000000081fe6aa8,0x0000000087180000)
 Metaspace       used 14208K, capacity 14312K, committed 14336K, reserved 1067008K
  class space    used 1749K, capacity 1784K, committed 1792K, reserved 1048576K
Event: 5.271 GC heap after
Heap after GC invocations=3 (full 0):
 PSYoungGen      total 38400K, used 5110K [0x00000000d5f00000, 0x00000000d8980000, 0x0000000100000000)
  eden space 33280K, 0% used [0x00000000d5f00000,0x00000000d5f00000,0x00000000d7f80000)
  from space 5120K, 99% used [0x00000000d7f80000,0x00000000d847d888,0x00000000d8480000)
  to   space 5120K, 0% used [0x00000000d8480000,0x00000000d8480000,0x00000000d8980000)
 ParOldGen       total 87552K, used 4108K [0x0000000081c00000, 0x0000000087180000, 0x00000000d5f00000)
  object space 87552K, 4% used [0x0000000081c00000,0x0000000082003008,0x0000000087180000)
 Metaspace       used 14208K, capacity 14312K, committed 14336K, reserved 1067008K
  class space    used 1749K, capacity 1784K, committed 1792K, reserved 1048576K
}
Event: 5.271 GC heap before
{Heap before GC invocations=4 (full 1):
 PSYoungGen      total 38400K, used 5110K [0x00000000d5f00000, 0x00000000d8980000, 0x0000000100000000)
  eden space 33280K, 0% used [0x00000000d5f00000,0x00000000d5f00000,0x00000000d7f80000)
  from space 5120K, 99% used [0x00000000d7f80000,0x00000000d847d888,0x00000000d8480000)
  to   space 5120K, 0% used [0x00000000d8480000,0x00000000d8480000,0x00000000d8980000)
 ParOldGen       total 87552K, used 4108K [0x0000000081c00000, 0x0000000087180000, 0x00000000d5f00000)
  object space 87552K, 4% used [0x0000000081c00000,0x0000000082003008,0x0000000087180000)
 Metaspace       used 14208K, capacity 14312K, committed 14336K, reserved 1067008K
  class space    used 1749K, capacity 1784K, committed 1792K, reserved 1048576K
Event: 5.295 GC heap after
Heap after GC invocations=4 (full 1):
 PSYoungGen      total 38400K, used 0K [0x00000000d5f00000, 0x00000000d8980000, 0x0000000100000000)
  eden space 33280K, 0% used [0x00000000d5f00000,0x00000000d5f00000,0x00000000d7f80000)
  from space 5120K, 0% used [0x00000000d7f80000,0x00000000d7f80000,0x00000000d8480000)
  to   space 5120K, 0% used [0x00000000d8480000,0x00000000d8480000,0x00000000d8980000)
 ParOldGen       total 50688K, used 6054K [0x0000000081c00000, 0x0000000084d80000, 0x00000000d5f00000)
  object space 50688K, 11% used [0x0000000081c00000,0x00000000821e99c8,0x0000000084d80000)
 Metaspace       used 14208K, capacity 14312K, committed 14336K, reserved 1064960K
  class space    used 1749K, capacity 1784K, committed 1792K, reserved 1048576K
}
Event: 6.763 GC heap before
{Heap before GC invocations=5 (full 1):
 PSYoungGen      total 38400K, used 33280K [0x00000000d5f00000, 0x00000000d8980000, 0x0000000100000000)
  eden space 33280K, 100% used [0x00000000d5f00000,0x00000000d7f80000,0x00000000d7f80000)
  from space 5120K, 0% used [0x00000000d7f80000,0x00000000d7f80000,0x00000000d8480000)
  to   space 5120K, 0% used [0x00000000d8480000,0x00000000d8480000,0x00000000d8980000)
 ParOldGen       total 50688K, used 6054K [0x0000000081c00000, 0x0000000084d80000, 0x00000000d5f00000)
  object space 50688K, 11% used [0x0000000081c00000,0x00000000821e99c8,0x0000000084d80000)
 Metaspace       used 18303K, capacity 18576K, committed 18816K, reserved 1067008K
  class space    used 2244K, capacity 2319K, committed 2432K, reserved 1048576K
Event: 6.766 GC heap after
Heap after GC invocations=5 (full 1):
 PSYoungGen      total 38400K, used 3843K [0x00000000d5f00000, 0x00000000da200000, 0x0000000100000000)
  eden space 33280K, 0% used [0x00000000d5f00000,0x00000000d5f00000,0x00000000d7f80000)
  from space 5120K, 75% used [0x00000000d8480000,0x00000000d8840c28,0x00000000d8980000)
  to   space 5120K, 0% used [0x00000000d7f80000,0x00000000d7f80000,0x00000000d8480000)
 ParOldGen       total 50688K, used 6062K [0x0000000081c00000, 0x0000000084d80000, 0x00000000d5f00000)
  object space 50688K, 11% used [0x0000000081c00000,0x00000000821eb9c8,0x0000000084d80000)
 Metaspace       used 18303K, capacity 18576K, committed 18816K, reserved 1067008K
  class space    used 2244K, capacity 2319K, committed 2432K, reserved 1048576K
}

